* installing *source* package 'muscal' ...
** this is package 'muscal' version '0.1.0'
** using staged installation
** libs
using C++ compiler: 'Homebrew clang version 20.1.8'
using SDK: 'MacOSX14.2.sdk'
/opt/homebrew/opt/llvm/bin/clang++ -I"/Library/Frameworks/R.framework/Resources/include" -DNDEBUG  -I'/Users/bbuchsbaum/Library/R/arm64/4.5/library/Rcpp/include' -I'/Users/bbuchsbaum/Library/R/arm64/4.5/library/RcppArmadillo/include' -I'/Users/bbuchsbaum/Library/R/arm64/4.5/library/RcppEigen/include' -I/opt/homebrew/opt/llvm/include    -fPIC  -fopenmp  -c RcppExports.cpp -o RcppExports.o
In file included from RcppExports.cpp:4:
In file included from /Users/bbuchsbaum/Library/R/arm64/4.5/library/RcppArmadillo/include/RcppArmadillo.h:32:
In file included from /Users/bbuchsbaum/Library/R/arm64/4.5/library/RcppArmadillo/include/RcppArmadillo/interface/RcppArmadilloForward.h:26:
In file included from /Users/bbuchsbaum/Library/R/arm64/4.5/library/Rcpp/include/RcppCommon.h:30:
In file included from /Users/bbuchsbaum/Library/R/arm64/4.5/library/Rcpp/include/Rcpp/r/headers.h:71:
In file included from /Library/Frameworks/R.framework/Resources/include/R.h:70:
/Library/Frameworks/R.framework/Resources/include/R_ext/Boolean.h:62:36: warning: unknown warning group '-Wfixed-enum-extension', ignored [-Wunknown-warning-option]
   62 | #  pragma clang diagnostic ignored "-Wfixed-enum-extension"
      |                                    ^
1 warning generated.
/opt/homebrew/opt/llvm/bin/clang++ -I"/Library/Frameworks/R.framework/Resources/include" -DNDEBUG  -I'/Users/bbuchsbaum/Library/R/arm64/4.5/library/Rcpp/include' -I'/Users/bbuchsbaum/Library/R/arm64/4.5/library/RcppArmadillo/include' -I'/Users/bbuchsbaum/Library/R/arm64/4.5/library/RcppEigen/include' -I/opt/homebrew/opt/llvm/include    -fPIC  -fopenmp  -c ridge_solve.cpp -o ridge_solve.o
In file included from ridge_solve.cpp:3:
In file included from /Users/bbuchsbaum/Library/R/arm64/4.5/library/RcppArmadillo/include/RcppArmadillo.h:32:
In file included from /Users/bbuchsbaum/Library/R/arm64/4.5/library/RcppArmadillo/include/RcppArmadillo/interface/RcppArmadilloForward.h:26:
In file included from /Users/bbuchsbaum/Library/R/arm64/4.5/library/Rcpp/include/RcppCommon.h:30:
In file included from /Users/bbuchsbaum/Library/R/arm64/4.5/library/Rcpp/include/Rcpp/r/headers.h:71:
In file included from /Library/Frameworks/R.framework/Resources/include/R.h:70:
/Library/Frameworks/R.framework/Resources/include/R_ext/Boolean.h:62:36: warning: unknown warning group '-Wfixed-enum-extension', ignored [-Wunknown-warning-option]
   62 | #  pragma clang diagnostic ignored "-Wfixed-enum-extension"
      |                                    ^
1 warning generated.
/opt/homebrew/opt/llvm/bin/clang++ -dynamiclib -Wl,-headerpad_max_install_names -undefined dynamic_lookup -L/Library/Frameworks/R.framework/Resources/lib -L/opt/homebrew/opt/llvm/lib -Wl,-rpath,/opt/homebrew/opt/llvm/lib -lomp -o muscal.so RcppExports.o ridge_solve.o -F/Library/Frameworks/R.framework/.. -framework R
installing to /Users/bbuchsbaum/code/muscal/muscal.Rcheck/00LOCK-muscal/00new/muscal/libs
** R
** inst
** byte-compile and prepare package for lazy loading
** help
*** installing help indices
** building package indices
** installing vignettes
** testing if installed package can be loaded from temporary location
** checking absolute paths in shared objects and dynamic libraries
** testing if installed package can be loaded from final location
** testing if installed package keeps a record of temporary installation path
* DONE (muscal)
